This is pdfTeX, Version 3.141592653-2.6-1.40.25 (TeX Live 2023/nixos.org) (preloaded format=pdflatex 1980.1.1)  27 NOV 2024 10:00
entering extended mode
 restricted \write18 enabled.
 %&-line parsing enabled.
**pdf-build/Candy'sTravelingCarnival.tex -interaction=batchmode -halt-on-error 
-file-line-error -shell-escape
(./pdf-build/Candy'sTravelingCarnival.tex
LaTeX2e <2023-11-01> patch level 1
L3 programming layer <2024-02-20>

(/nix/store/7iad1axfkgxp0l8qn5r3yf95frkkkkih-texlive-2023-env-texmfdist/tex/lat
ex/base/article.cls
Document Class: article 2023/05/17 v1.4n Standard LaTeX document class

(/nix/store/7iad1axfkgxp0l8qn5r3yf95frkkkkih-texlive-2023-env-texmfdist/tex/lat
ex/base/size10.clo
File: size10.clo 2023/05/17 v1.4n Standard LaTeX file (size option)
)
\c@part=\count188
\c@section=\count189
\c@subsection=\count190
\c@subsubsection=\count191
\c@paragraph=\count192
\c@subparagraph=\count193
\c@figure=\count194
\c@table=\count195
\abovecaptionskip=\skip48
\belowcaptionskip=\skip49
\bibindent=\dimen140
)
(/nix/store/7iad1axfkgxp0l8qn5r3yf95frkkkkih-texlive-2023-env-texmfdist/tex/lat
ex/amsmath/amsmath.sty
Package: amsmath 2023/05/13 v2.17o AMS math features
\@mathmargin=\skip50

For additional information on amsmath, use the `?' option.

(/nix/store/7iad1axfkgxp0l8qn5r3yf95frkkkkih-texlive-2023-env-texmfdist/tex/lat
ex/amsmath/amstext.sty
Package: amstext 2021/08/26 v2.01 AMS text

(/nix/store/7iad1axfkgxp0l8qn5r3yf95frkkkkih-texlive-2023-env-texmfdist/tex/lat
ex/amsmath/amsgen.sty
File: amsgen.sty 1999/11/30 v2.0 generic functions
\@emptytoks=\toks17
\ex@=\dimen141
))
(/nix/store/7iad1axfkgxp0l8qn5r3yf95frkkkkih-texlive-2023-env-texmfdist/tex/lat
ex/amsmath/amsbsy.sty
Package: amsbsy 1999/11/29 v1.2d Bold Symbols
\pmbraise@=\dimen142
)
(/nix/store/7iad1axfkgxp0l8qn5r3yf95frkkkkih-texlive-2023-env-texmfdist/tex/lat
ex/amsmath/amsopn.sty
Package: amsopn 2022/04/08 v2.04 operator names
)
\inf@bad=\count196
LaTeX Info: Redefining \frac on input line 234.
\uproot@=\count197
\leftroot@=\count198
LaTeX Info: Redefining \overline on input line 399.
LaTeX Info: Redefining \colon on input line 410.
\classnum@=\count199
\DOTSCASE@=\count266
LaTeX Info: Redefining \ldots on input line 496.
LaTeX Info: Redefining \dots on input line 499.
LaTeX Info: Redefining \cdots on input line 620.
\Mathstrutbox@=\box51
\strutbox@=\box52
LaTeX Info: Redefining \big on input line 722.
LaTeX Info: Redefining \Big on input line 723.
LaTeX Info: Redefining \bigg on input line 724.
LaTeX Info: Redefining \Bigg on input line 725.
\big@size=\dimen143
LaTeX Font Info:    Redeclaring font encoding OML on input line 743.
LaTeX Font Info:    Redeclaring font encoding OMS on input line 744.
\macc@depth=\count267
LaTeX Info: Redefining \bmod on input line 905.
LaTeX Info: Redefining \pmod on input line 910.
LaTeX Info: Redefining \smash on input line 940.
LaTeX Info: Redefining \relbar on input line 970.
LaTeX Info: Redefining \Relbar on input line 971.
\c@MaxMatrixCols=\count268
\dotsspace@=\muskip16
\c@parentequation=\count269
\dspbrk@lvl=\count270
\tag@help=\toks18
\row@=\count271
\column@=\count272
\maxfields@=\count273
\andhelp@=\toks19
\eqnshift@=\dimen144
\alignsep@=\dimen145
\tagshift@=\dimen146
\tagwidth@=\dimen147
\totwidth@=\dimen148
\lineht@=\dimen149
\@envbody=\toks20
\multlinegap=\skip51
\multlinetaggap=\skip52
\mathdisplay@stack=\toks21
LaTeX Info: Redefining \[ on input line 2953.
LaTeX Info: Redefining \] on input line 2954.
)
(/nix/store/7iad1axfkgxp0l8qn5r3yf95frkkkkih-texlive-2023-env-texmfdist/tex/lat
ex/amsfonts/amssymb.sty
Package: amssymb 2013/01/14 v3.01 AMS font symbols

(/nix/store/7iad1axfkgxp0l8qn5r3yf95frkkkkih-texlive-2023-env-texmfdist/tex/lat
ex/amsfonts/amsfonts.sty
Package: amsfonts 2013/01/14 v3.01 Basic AMSFonts support
\symAMSa=\mathgroup4
\symAMSb=\mathgroup5
LaTeX Font Info:    Redeclaring math symbol \hbar on input line 98.
LaTeX Font Info:    Overwriting math alphabet `\mathfrak' in version `bold'
(Font)                  U/euf/m/n --> U/euf/b/n on input line 106.
))
(/nix/store/7iad1axfkgxp0l8qn5r3yf95frkkkkih-texlive-2023-env-texmfdist/tex/gen
eric/iftex/iftex.sty
Package: iftex 2022/02/03 v1.0f TeX engine tests
)
(/nix/store/7iad1axfkgxp0l8qn5r3yf95frkkkkih-texlive-2023-env-texmfdist/tex/lat
ex/base/fontenc.sty
Package: fontenc 2021/04/29 v2.0v Standard LaTeX package
)
(/nix/store/7iad1axfkgxp0l8qn5r3yf95frkkkkih-texlive-2023-env-texmfdist/tex/lat
ex/base/inputenc.sty
Package: inputenc 2021/02/14 v1.3d Input encoding file
\inpenc@prehook=\toks22
\inpenc@posthook=\toks23
)
(/nix/store/7iad1axfkgxp0l8qn5r3yf95frkkkkih-texlive-2023-env-texmfdist/tex/lat
ex/base/textcomp.sty
Package: textcomp 2020/02/02 v2.0n Standard LaTeX package
)
(/nix/store/7iad1axfkgxp0l8qn5r3yf95frkkkkih-texlive-2023-env-texmfdist/tex/lat
ex/lm/lmodern.sty
Package: lmodern 2015/05/01 v1.6.1 Latin Modern Fonts
LaTeX Font Info:    Overwriting symbol font `operators' in version `normal'
(Font)                  OT1/cmr/m/n --> OT1/lmr/m/n on input line 22.
LaTeX Font Info:    Overwriting symbol font `letters' in version `normal'
(Font)                  OML/cmm/m/it --> OML/lmm/m/it on input line 23.
LaTeX Font Info:    Overwriting symbol font `symbols' in version `normal'
(Font)                  OMS/cmsy/m/n --> OMS/lmsy/m/n on input line 24.
LaTeX Font Info:    Overwriting symbol font `largesymbols' in version `normal'
(Font)                  OMX/cmex/m/n --> OMX/lmex/m/n on input line 25.
LaTeX Font Info:    Overwriting symbol font `operators' in version `bold'
(Font)                  OT1/cmr/bx/n --> OT1/lmr/bx/n on input line 26.
LaTeX Font Info:    Overwriting symbol font `letters' in version `bold'
(Font)                  OML/cmm/b/it --> OML/lmm/b/it on input line 27.
LaTeX Font Info:    Overwriting symbol font `symbols' in version `bold'
(Font)                  OMS/cmsy/b/n --> OMS/lmsy/b/n on input line 28.
LaTeX Font Info:    Overwriting symbol font `largesymbols' in version `bold'
(Font)                  OMX/cmex/m/n --> OMX/lmex/m/n on input line 29.
LaTeX Font Info:    Overwriting math alphabet `\mathbf' in version `normal'
(Font)                  OT1/cmr/bx/n --> OT1/lmr/bx/n on input line 31.
LaTeX Font Info:    Overwriting math alphabet `\mathsf' in version `normal'
(Font)                  OT1/cmss/m/n --> OT1/lmss/m/n on input line 32.
LaTeX Font Info:    Overwriting math alphabet `\mathit' in version `normal'
(Font)                  OT1/cmr/m/it --> OT1/lmr/m/it on input line 33.
LaTeX Font Info:    Overwriting math alphabet `\mathtt' in version `normal'
(Font)                  OT1/cmtt/m/n --> OT1/lmtt/m/n on input line 34.
LaTeX Font Info:    Overwriting math alphabet `\mathbf' in version `bold'
(Font)                  OT1/cmr/bx/n --> OT1/lmr/bx/n on input line 35.
LaTeX Font Info:    Overwriting math alphabet `\mathsf' in version `bold'
(Font)                  OT1/cmss/bx/n --> OT1/lmss/bx/n on input line 36.
LaTeX Font Info:    Overwriting math alphabet `\mathit' in version `bold'
(Font)                  OT1/cmr/bx/it --> OT1/lmr/bx/it on input line 37.
LaTeX Font Info:    Overwriting math alphabet `\mathtt' in version `bold'
(Font)                  OT1/cmtt/m/n --> OT1/lmtt/m/n on input line 38.
)
(/nix/store/7iad1axfkgxp0l8qn5r3yf95frkkkkih-texlive-2023-env-texmfdist/tex/lat
ex/upquote/upquote.sty
Package: upquote 2012/04/19 v1.3 upright-quote and grave-accent glyphs in verba
tim
)
(/nix/store/7iad1axfkgxp0l8qn5r3yf95frkkkkih-texlive-2023-env-texmfdist/tex/lat
ex/microtype/microtype.sty
Package: microtype 2023/03/13 v3.1a Micro-typographical refinements (RS)

(/nix/store/7iad1axfkgxp0l8qn5r3yf95frkkkkih-texlive-2023-env-texmfdist/tex/lat
ex/graphics/keyval.sty
Package: keyval 2022/05/29 v1.15 key=value parser (DPC)
\KV@toks@=\toks24
)
(/nix/store/7iad1axfkgxp0l8qn5r3yf95frkkkkih-texlive-2023-env-texmfdist/tex/lat
ex/etoolbox/etoolbox.sty
Package: etoolbox 2020/10/05 v2.5k e-TeX tools for LaTeX (JAW)
\etb@tempcnta=\count274
)
\MT@toks=\toks25
\MT@tempbox=\box53
\MT@count=\count275
LaTeX Info: Redefining \noprotrusionifhmode on input line 1059.
LaTeX Info: Redefining \leftprotrusion on input line 1060.
\MT@prot@toks=\toks26
LaTeX Info: Redefining \rightprotrusion on input line 1078.
LaTeX Info: Redefining \textls on input line 1368.
\MT@outer@kern=\dimen150
LaTeX Info: Redefining \textmicrotypecontext on input line 1988.
\MT@listname@count=\count276

(/nix/store/7iad1axfkgxp0l8qn5r3yf95frkkkkih-texlive-2023-env-texmfdist/tex/lat
ex/microtype/microtype-pdftex.def
File: microtype-pdftex.def 2023/03/13 v3.1a Definitions specific to pdftex (RS)

LaTeX Info: Redefining \lsstyle on input line 902.
LaTeX Info: Redefining \lslig on input line 902.
\MT@outer@space=\skip53
)
Package microtype Info: Loading configuration file microtype.cfg.

(/nix/store/7iad1axfkgxp0l8qn5r3yf95frkkkkih-texlive-2023-env-texmfdist/tex/lat
ex/microtype/microtype.cfg
File: microtype.cfg 2023/03/13 v3.1a microtype main configuration file (RS)
))
(/nix/store/7iad1axfkgxp0l8qn5r3yf95frkkkkih-texlive-2023-env-texmfdist/tex/lat
ex/parskip/parskip.sty
Package: parskip 2021-03-14 v2.0h non-zero parskip adjustments

(/nix/store/7iad1axfkgxp0l8qn5r3yf95frkkkkih-texlive-2023-env-texmfdist/tex/lat
ex/kvoptions/kvoptions.sty
Package: kvoptions 2022-06-15 v3.15 Key value format for package options (HO)

(/nix/store/7iad1axfkgxp0l8qn5r3yf95frkkkkih-texlive-2023-env-texmfdist/tex/gen
eric/ltxcmds/ltxcmds.sty
Package: ltxcmds 2023-12-04 v1.26 LaTeX kernel commands for general use (HO)
)
(/nix/store/7iad1axfkgxp0l8qn5r3yf95frkkkkih-texlive-2023-env-texmfdist/tex/lat
ex/kvsetkeys/kvsetkeys.sty
Package: kvsetkeys 2022-10-05 v1.19 Key value parser (HO)
)))
(/nix/store/7iad1axfkgxp0l8qn5r3yf95frkkkkih-texlive-2023-env-texmfdist/tex/lat
ex/xcolor/xcolor.sty
Package: xcolor 2023/11/15 v3.01 LaTeX color extensions (UK)

(/nix/store/7iad1axfkgxp0l8qn5r3yf95frkkkkih-texlive-2023-env-texmfdist/tex/lat
ex/graphics-cfg/color.cfg
File: color.cfg 2016/01/02 v1.6 sample color configuration
)
Package xcolor Info: Driver file: pdftex.def on input line 274.

(/nix/store/7iad1axfkgxp0l8qn5r3yf95frkkkkih-texlive-2023-env-texmfdist/tex/lat
ex/graphics-def/pdftex.def
File: pdftex.def 2022/09/22 v1.2b Graphics/color driver for pdftex
)
(/nix/store/7iad1axfkgxp0l8qn5r3yf95frkkkkih-texlive-2023-env-texmfdist/tex/lat
ex/graphics/mathcolor.ltx)
Package xcolor Info: Model `cmy' substituted by `cmy0' on input line 1350.
Package xcolor Info: Model `hsb' substituted by `rgb' on input line 1354.
Package xcolor Info: Model `RGB' extended on input line 1366.
Package xcolor Info: Model `HTML' substituted by `rgb' on input line 1368.
Package xcolor Info: Model `Hsb' substituted by `hsb' on input line 1369.
Package xcolor Info: Model `tHsb' substituted by `hsb' on input line 1370.
Package xcolor Info: Model `HSB' substituted by `hsb' on input line 1371.
Package xcolor Info: Model `Gray' substituted by `gray' on input line 1372.
Package xcolor Info: Model `wave' substituted by `hsb' on input line 1373.
)
(/nix/store/7iad1axfkgxp0l8qn5r3yf95frkkkkih-texlive-2023-env-texmfdist/tex/lat
ex/graphics/dvipsnam.def
File: dvipsnam.def 2016/06/17 v3.0m Driver-dependent file (DPC,SPQR)
)
(/nix/store/7iad1axfkgxp0l8qn5r3yf95frkkkkih-texlive-2023-env-texmfdist/tex/lat
ex/xcolor/svgnam.def
File: svgnam.def 2023/11/15 v3.01 Predefined colors according to SVG 1.1 (UK)
)
(/nix/store/7iad1axfkgxp0l8qn5r3yf95frkkkkih-texlive-2023-env-texmfdist/tex/lat
ex/xcolor/x11nam.def
File: x11nam.def 2023/11/15 v3.01 Predefined colors according to Unix/X11 (UK)
)
(/nix/store/7iad1axfkgxp0l8qn5r3yf95frkkkkih-texlive-2023-env-texmfdist/tex/lat
ex/geometry/geometry.sty
Package: geometry 2020/01/02 v5.9 Page Geometry

(/nix/store/7iad1axfkgxp0l8qn5r3yf95frkkkkih-texlive-2023-env-texmfdist/tex/gen
eric/iftex/ifvtex.sty
Package: ifvtex 2019/10/25 v1.7 ifvtex legacy package. Use iftex instead.
)
\Gm@cnth=\count277
\Gm@cntv=\count278
\c@Gm@tempcnt=\count279
\Gm@bindingoffset=\dimen151
\Gm@wd@mp=\dimen152
\Gm@odd@mp=\dimen153
\Gm@even@mp=\dimen154
\Gm@layoutwidth=\dimen155
\Gm@layoutheight=\dimen156
\Gm@layouthoffset=\dimen157
\Gm@layoutvoffset=\dimen158
\Gm@dimlist=\toks27
)
(/nix/store/7iad1axfkgxp0l8qn5r3yf95frkkkkih-texlive-2023-env-texmfdist/tex/lat
ex/bookmark/bookmark.sty
Package: bookmark 2023-12-10 v1.31 PDF bookmarks (HO)

(/nix/store/7iad1axfkgxp0l8qn5r3yf95frkkkkih-texlive-2023-env-texmfdist/tex/lat
ex/hyperref/hyperref.sty
Package: hyperref 2024-01-20 v7.01h Hypertext links for LaTeX

(/nix/store/7iad1axfkgxp0l8qn5r3yf95frkkkkih-texlive-2023-env-texmfdist/tex/gen
eric/kvdefinekeys/kvdefinekeys.sty
Package: kvdefinekeys 2019-12-19 v1.6 Define keys (HO)
)
(/nix/store/7iad1axfkgxp0l8qn5r3yf95frkkkkih-texlive-2023-env-texmfdist/tex/gen
eric/pdfescape/pdfescape.sty
Package: pdfescape 2019/12/09 v1.15 Implements pdfTeX's escape features (HO)

(/nix/store/7iad1axfkgxp0l8qn5r3yf95frkkkkih-texlive-2023-env-texmfdist/tex/gen
eric/pdftexcmds/pdftexcmds.sty
Package: pdftexcmds 2020-06-27 v0.33 Utility functions of pdfTeX for LuaTeX (HO
)

(/nix/store/7iad1axfkgxp0l8qn5r3yf95frkkkkih-texlive-2023-env-texmfdist/tex/gen
eric/infwarerr/infwarerr.sty
Package: infwarerr 2019/12/03 v1.5 Providing info/warning/error messages (HO)
)
Package pdftexcmds Info: \pdf@primitive is available.
Package pdftexcmds Info: \pdf@ifprimitive is available.
Package pdftexcmds Info: \pdfdraftmode found.
))
(/nix/store/7iad1axfkgxp0l8qn5r3yf95frkkkkih-texlive-2023-env-texmfdist/tex/lat
ex/hycolor/hycolor.sty
Package: hycolor 2020-01-27 v1.10 Color options for hyperref/bookmark (HO)
)
(/nix/store/7iad1axfkgxp0l8qn5r3yf95frkkkkih-texlive-2023-env-texmfdist/tex/lat
ex/auxhook/auxhook.sty
Package: auxhook 2019-12-17 v1.6 Hooks for auxiliary files (HO)
)
(/nix/store/7iad1axfkgxp0l8qn5r3yf95frkkkkih-texlive-2023-env-texmfdist/tex/lat
ex/hyperref/nameref.sty
Package: nameref 2023-11-26 v2.56 Cross-referencing by name of section

(/nix/store/7iad1axfkgxp0l8qn5r3yf95frkkkkih-texlive-2023-env-texmfdist/tex/lat
ex/refcount/refcount.sty
Package: refcount 2019/12/15 v3.6 Data extraction from label references (HO)
)
(/nix/store/7iad1axfkgxp0l8qn5r3yf95frkkkkih-texlive-2023-env-texmfdist/tex/gen
eric/gettitlestring/gettitlestring.sty
Package: gettitlestring 2019/12/15 v1.6 Cleanup title references (HO)
)
\c@section@level=\count280
)
\@linkdim=\dimen159
\Hy@linkcounter=\count281
\Hy@pagecounter=\count282

(/nix/store/7iad1axfkgxp0l8qn5r3yf95frkkkkih-texlive-2023-env-texmfdist/tex/lat
ex/hyperref/pd1enc.def
File: pd1enc.def 2024-01-20 v7.01h Hyperref: PDFDocEncoding definition (HO)
Now handling font encoding PD1 ...
... no UTF-8 mapping file for font encoding PD1
)
(/nix/store/7iad1axfkgxp0l8qn5r3yf95frkkkkih-texlive-2023-env-texmfdist/tex/gen
eric/intcalc/intcalc.sty
Package: intcalc 2019/12/15 v1.3 Expandable calculations with integers (HO)
)
\Hy@SavedSpaceFactor=\count283

(/nix/store/7iad1axfkgxp0l8qn5r3yf95frkkkkih-texlive-2023-env-texmfdist/tex/lat
ex/hyperref/puenc.def
File: puenc.def 2024-01-20 v7.01h Hyperref: PDF Unicode definition (HO)
Now handling font encoding PU ...
... no UTF-8 mapping file for font encoding PU
)
Package hyperref Info: Option `unicode' set `true' on input line 4062.
Package hyperref Info: Hyper figures OFF on input line 4179.
Package hyperref Info: Link nesting OFF on input line 4184.
Package hyperref Info: Hyper index ON on input line 4187.
Package hyperref Info: Plain pages OFF on input line 4194.
Package hyperref Info: Backreferencing OFF on input line 4199.
Package hyperref Info: Implicit mode ON; LaTeX internals redefined.
Package hyperref Info: Bookmarks ON on input line 4446.
\c@Hy@tempcnt=\count284

(/nix/store/7iad1axfkgxp0l8qn5r3yf95frkkkkih-texlive-2023-env-texmfdist/tex/lat
ex/url/url.sty
\Urlmuskip=\muskip17
Package: url 2013/09/16  ver 3.4  Verb mode for urls, etc.
)
LaTeX Info: Redefining \url on input line 4784.
\XeTeXLinkMargin=\dimen160

(/nix/store/7iad1axfkgxp0l8qn5r3yf95frkkkkih-texlive-2023-env-texmfdist/tex/gen
eric/bitset/bitset.sty
Package: bitset 2019/12/09 v1.3 Handle bit-vector datatype (HO)

(/nix/store/7iad1axfkgxp0l8qn5r3yf95frkkkkih-texlive-2023-env-texmfdist/tex/gen
eric/bigintcalc/bigintcalc.sty
Package: bigintcalc 2019/12/15 v1.5 Expandable calculations on big integers (HO
)
))
\Fld@menulength=\count285
\Field@Width=\dimen161
\Fld@charsize=\dimen162
Package hyperref Info: Hyper figures OFF on input line 6063.
Package hyperref Info: Link nesting OFF on input line 6068.
Package hyperref Info: Hyper index ON on input line 6071.
Package hyperref Info: backreferencing OFF on input line 6078.
Package hyperref Info: Link coloring OFF on input line 6083.
Package hyperref Info: Link coloring with OCG OFF on input line 6088.
Package hyperref Info: PDF/A mode OFF on input line 6093.

(/nix/store/7iad1axfkgxp0l8qn5r3yf95frkkkkih-texlive-2023-env-texmfdist/tex/lat
ex/base/atbegshi-ltx.sty
Package: atbegshi-ltx 2021/01/10 v1.0c Emulation of the original atbegshi
package with kernel methods
)
\Hy@abspage=\count286
\c@Item=\count287
\c@Hfootnote=\count288
)
Package hyperref Info: Driver (autodetected): hpdftex.

(/nix/store/7iad1axfkgxp0l8qn5r3yf95frkkkkih-texlive-2023-env-texmfdist/tex/lat
ex/hyperref/hpdftex.def
File: hpdftex.def 2024-01-20 v7.01h Hyperref driver for pdfTeX

(/nix/store/7iad1axfkgxp0l8qn5r3yf95frkkkkih-texlive-2023-env-texmfdist/tex/lat
ex/base/atveryend-ltx.sty
Package: atveryend-ltx 2020/08/19 v1.0a Emulation of the original atveryend pac
kage
with kernel methods
)
\Fld@listcount=\count289
\c@bookmark@seq@number=\count290

(/nix/store/7iad1axfkgxp0l8qn5r3yf95frkkkkih-texlive-2023-env-texmfdist/tex/lat
ex/rerunfilecheck/rerunfilecheck.sty
Package: rerunfilecheck 2022-07-10 v1.10 Rerun checks for auxiliary files (HO)

(/nix/store/7iad1axfkgxp0l8qn5r3yf95frkkkkih-texlive-2023-env-texmfdist/tex/gen
eric/uniquecounter/uniquecounter.sty
Package: uniquecounter 2019/12/15 v1.4 Provide unlimited unique counter (HO)
)
Package uniquecounter Info: New unique counter `rerunfilecheck' on input line 2
85.
)
\Hy@SectionHShift=\skip54
)
(/nix/store/7iad1axfkgxp0l8qn5r3yf95frkkkkih-texlive-2023-env-texmfdist/tex/lat
ex/bookmark/bkm-pdftex.def
File: bkm-pdftex.def 2023-12-10 v1.31 bookmark driver for pdfTeX and luaTeX (HO
)
\BKM@id=\count291
))
(/nix/store/7iad1axfkgxp0l8qn5r3yf95frkkkkih-texlive-2023-env-texmfdist/tex/lat
ex/xurl/xurl.sty
Package: xurl 2022/01/09 v 0.10 modify URL breaks
)
Package hyperref Info: Option `colorlinks' set `true' on input line 58.
LaTeX Font Info:    Trying to load font information for T1+lmr on input line 63
.

(/nix/store/7iad1axfkgxp0l8qn5r3yf95frkkkkih-texlive-2023-env-texmfdist/tex/lat
ex/lm/t1lmr.fd
File: t1lmr.fd 2015/05/01 v1.6.1 Font defs for Latin Modern
)
(/nix/store/7iad1axfkgxp0l8qn5r3yf95frkkkkih-texlive-2023-env-texmfdist/tex/lat
ex/l3backend/l3backend-pdftex.def
File: l3backend-pdftex.def 2024-02-20 L3 backend support: PDF output (pdfTeX)
\l__color_backend_stack_int=\count292
\l__pdf_internal_box=\box54
)
No file Candy'sTravelingCarnival.aux.
\openout1 = `Candy'sTravelingCarnival.aux'.

LaTeX Font Info:    Checking defaults for OML/cmm/m/it on input line 63.
LaTeX Font Info:    ... okay on input line 63.
LaTeX Font Info:    Checking defaults for OMS/cmsy/m/n on input line 63.
LaTeX Font Info:    ... okay on input line 63.
LaTeX Font Info:    Checking defaults for OT1/cmr/m/n on input line 63.
LaTeX Font Info:    ... okay on input line 63.
LaTeX Font Info:    Checking defaults for T1/cmr/m/n on input line 63.
LaTeX Font Info:    ... okay on input line 63.
LaTeX Font Info:    Checking defaults for TS1/cmr/m/n on input line 63.
LaTeX Font Info:    ... okay on input line 63.
LaTeX Font Info:    Checking defaults for OMX/cmex/m/n on input line 63.
LaTeX Font Info:    ... okay on input line 63.
LaTeX Font Info:    Checking defaults for U/cmr/m/n on input line 63.
LaTeX Font Info:    ... okay on input line 63.
LaTeX Font Info:    Checking defaults for PD1/pdf/m/n on input line 63.
LaTeX Font Info:    ... okay on input line 63.
LaTeX Font Info:    Checking defaults for PU/pdf/m/n on input line 63.
LaTeX Font Info:    ... okay on input line 63.
LaTeX Info: Redefining \microtypecontext on input line 63.
Package microtype Info: Applying patch `item' on input line 63.
Package microtype Info: Applying patch `toc' on input line 63.
Package microtype Info: Applying patch `eqnum' on input line 63.
Package microtype Info: Applying patch `footnote' on input line 63.
Package microtype Info: Applying patch `verbatim' on input line 63.
Package microtype Info: Generating PDF output.
Package microtype Info: Character protrusion enabled (level 2).
Package microtype Info: Using protrusion set `basicmath'.
Package microtype Info: Automatic font expansion enabled (level 2),
(microtype)             stretch: 20, shrink: 20, step: 1, non-selected.
Package microtype Info: Using default expansion set `alltext-nott'.
LaTeX Info: Redefining \showhyphens on input line 63.
Package microtype Info: No adjustment of tracking.
Package microtype Info: No adjustment of interword spacing.
Package microtype Info: No adjustment of character kerning.

(/nix/store/7iad1axfkgxp0l8qn5r3yf95frkkkkih-texlive-2023-env-texmfdist/tex/lat
ex/microtype/mt-cmr.cfg
File: mt-cmr.cfg 2013/05/19 v2.2 microtype config. file: Computer Modern Roman 
(RS)
)
(/nix/store/7iad1axfkgxp0l8qn5r3yf95frkkkkih-texlive-2023-env-texmfdist/tex/con
text/base/mkii/supp-pdf.mkii
[Loading MPS to PDF converter (version 2006.09.02).]
\scratchcounter=\count293
\scratchdimen=\dimen163
\scratchbox=\box55
\nofMPsegments=\count294
\nofMParguments=\count295
\everyMPshowfont=\toks28
\MPscratchCnt=\count296
\MPscratchDim=\dimen164
\MPnumerator=\count297
\makeMPintoPDFobject=\count298
\everyMPtoPDFconversion=\toks29
)
*geometry* driver: auto-detecting
*geometry* detected driver: pdftex
*geometry* verbose mode - [ preamble ] result:
* driver: pdftex
* paper: letterpaper
* layout: <same size as paper>
* layoutoffset:(h,v)=(0.0pt,0.0pt)
* modes: 
* h-part:(L,W,R)=(72.26999pt, 469.75502pt, 72.26999pt)
* v-part:(T,H,B)=(72.26999pt, 650.43001pt, 72.26999pt)
* \paperwidth=614.295pt
* \paperheight=794.96999pt
* \textwidth=469.75502pt
* \textheight=650.43001pt
* \oddsidemargin=0.0pt
* \evensidemargin=0.0pt
* \topmargin=-37.0pt
* \headheight=12.0pt
* \headsep=25.0pt
* \topskip=10.0pt
* \footskip=30.0pt
* \marginparwidth=65.0pt
* \marginparsep=11.0pt
* \columnsep=10.0pt
* \skip\footins=9.0pt plus 4.0pt minus 2.0pt
* \hoffset=0.0pt
* \voffset=0.0pt
* \mag=1000
* \@twocolumnfalse
* \@twosidefalse
* \@mparswitchfalse
* \@reversemarginfalse
* (1in=72.27pt=25.4mm, 1cm=28.453pt)

Package hyperref Info: Link coloring ON on input line 63.
(./Candy'sTravelingCarnival.aux)
 ***********
LaTeX2e <2023-11-01> patch level 1
L3 programming layer <2024-02-20>
 ***********
 ) 
Here is how much of TeX's memory you used:
 13061 strings out of 474116
 209434 string characters out of 5720541
 1925187 words of memory out of 5000000
 35290 multiletter control sequences out of 15000+600000
 561988 words of font info for 40 fonts, out of 8000000 for 9000
 1141 hyphenation exceptions out of 8191
 83i,1n,93p,1100b,385s stack positions out of 10000i,1000n,20000p,200000b,200000s

No pages of output.
PDF statistics:
 3 PDF objects out of 1000 (max. 8388607)
 1 compressed objects within 1 object stream
 0 named destinations out of 1000 (max. 500000)
 2049 words of extra memory for PDF output out of 10000 (max. 10000000)

